c:\workspace\code\websiterepo\space_architect\space_architect\debug\vc141.pdb
c:\workspace\code\websiterepo\space_architect\space_architect\debug\vc141.idb
c:\workspace\code\websiterepo\space_architect\space_architect\debug\mod_basic.obj
c:\workspace\code\websiterepo\space_architect\space_architect\debug\mod_battery.obj
c:\workspace\code\websiterepo\space_architect\space_architect\debug\mod_heater.obj
c:\workspace\code\websiterepo\space_architect\space_architect\debug\mod_oxygensynth.obj
c:\workspace\code\websiterepo\space_architect\space_architect\debug\mod_oxygentank.obj
c:\workspace\code\websiterepo\space_architect\space_architect\debug\mod_solar.obj
c:\workspace\code\websiterepo\space_architect\space_architect\debug\mod_spaceport.obj
c:\workspace\code\websiterepo\space_architect\space_architect\debug\detail_panel.obj
c:\workspace\code\websiterepo\space_architect\space_architect\debug\editor.obj
c:\workspace\code\websiterepo\space_architect\space_architect\debug\energy_info.obj
c:\workspace\code\websiterepo\space_architect\space_architect\debug\exit_menu.obj
c:\workspace\code\websiterepo\space_architect\space_architect\debug\info_banner.obj
c:\workspace\code\websiterepo\space_architect\space_architect\debug\manager.obj
c:\workspace\code\websiterepo\space_architect\space_architect\debug\overlays_base.obj
c:\workspace\code\websiterepo\space_architect\space_architect\debug\resource.obj
c:\workspace\code\websiterepo\space_architect\space_architect\debug\option.obj
c:\workspace\code\websiterepo\space_architect\space_architect\debug\stages.obj
c:\workspace\code\websiterepo\space_architect\space_architect\debug\menu_load.obj
c:\workspace\code\websiterepo\space_architect\space_architect\debug\menu_state.obj
c:\workspace\code\websiterepo\space_architect\space_architect\debug\stations.obj
c:\workspace\code\websiterepo\space_architect\space_architect\debug\globals.obj
c:\workspace\code\websiterepo\space_architect\space_architect\debug\main.obj
c:\workspace\code\websiterepo\space_architect\space_architect\debug\start_up.obj
c:\workspace\code\websiterepo\space_architect\space_architect\debug\game_func.obj
c:\workspace\code\websiterepo\space_architect\space_architect\debug\game_state.obj
c:\workspace\code\websiterepo\space_architect\space_architect\debug\inhand.obj
c:\workspace\code\websiterepo\space_architect\space_architect\debug\saving.obj
c:\workspace\code\websiterepo\space_architect\space_architect\debug\submain.obj
c:\workspace\code\websiterepo\space_architect\space_architect\debug\submission.obj
c:\workspace\code\websiterepo\space_architect\space_architect\debug\subresearch.obj
c:\workspace\code\websiterepo\space_architect\space_architect\debug\case.obj
c:\workspace\code\websiterepo\space_architect\space_architect\debug\mission.obj
c:\workspace\code\websiterepo\space_architect\space_architect\debug\mod_coms.obj
c:\workspace\code\websiterepo\space_architect\space_architect\debug\mod_helipad.obj
c:\workspace\code\websiterepo\space_architect\space_architect\debug\mod_lanchpad.obj
c:\workspace\code\websiterepo\space_architect\space_architect\debug\mod_randd.obj
c:\workspace\code\websiterepo\space_architect\space_architect\debug\mod_vab.obj
c:\workspace\code\websiterepo\space_architect\space_architect\debug\mod_base.obj
c:\workspace\code\websiterepo\space_architect\space_architect\debug\mod_adv.obj
c:\workspace\code\websiterepo\space_architect\space_architect\debug\mod_arilock.obj
c:\workspace\code\websiterepo\space_architect\space_architect\debug\astronauts.obj
c:\workspace\code\websiterepo\space_architect\space_architect\debug\team.obj
c:\workspace\code\websiterepo\space_architect\space_architect\debug\colide.obj
c:\workspace\code\websiterepo\space_architect\space_architect\debug\engine.obj
c:\workspace\code\websiterepo\space_architect\debug\space_architect.exe
c:\workspace\code\websiterepo\space_architect\debug\space_architect.ilk
c:\workspace\code\websiterepo\space_architect\debug\space_architect.pdb
c:\workspace\code\websiterepo\space_architect\space_architect\debug\space_architect.tlog\cl.command.1.tlog
c:\workspace\code\websiterepo\space_architect\space_architect\debug\space_architect.tlog\cl.read.1.tlog
c:\workspace\code\websiterepo\space_architect\space_architect\debug\space_architect.tlog\cl.write.1.tlog
c:\workspace\code\websiterepo\space_architect\space_architect\debug\space_architect.tlog\link.892-cvtres.read.1.tlog
c:\workspace\code\websiterepo\space_architect\space_architect\debug\space_architect.tlog\link.892-cvtres.write.1.tlog
c:\workspace\code\websiterepo\space_architect\space_architect\debug\space_architect.tlog\link.892-rc.read.1.tlog
c:\workspace\code\websiterepo\space_architect\space_architect\debug\space_architect.tlog\link.892-rc.write.1.tlog
c:\workspace\code\websiterepo\space_architect\space_architect\debug\space_architect.tlog\link.892.read.1.tlog
c:\workspace\code\websiterepo\space_architect\space_architect\debug\space_architect.tlog\link.892.write.1.tlog
c:\workspace\code\websiterepo\space_architect\space_architect\debug\space_architect.tlog\link.command.1.tlog
c:\workspace\code\websiterepo\space_architect\space_architect\debug\space_architect.tlog\link.read.1.tlog
c:\workspace\code\websiterepo\space_architect\space_architect\debug\space_architect.tlog\link.write.1.tlog
